Build started 21.04.2012 19:23:29.
     1>Project "C:\Users\Erik\Documents\progging\CPP\CrackTheSky\CrackTheSky\CrackTheSky.vcxproj" on node 2 (build target(s)).
     1>InitializeBuildStatus:
         Touching "Release\CrackTheSky.unsuccessfulbuild".
       ClCompile:
         C:\Program Files (x86)\Microsoft Visual Studio 10.0\VC\bin\CL.exe /c /Zi /nologo /W3 /WX- /O2 /Oi /Oy- /GL /D _MBCS /Gm- /EHsc /MD /GS /Gy /fp:precise /Zc:wchar_t /Zc:forScope /Fo"Release\\" /Fd"Release\vc100.pdb" /Gd /TP /analyze- /errorReport:prompt MovableActor.cpp
         MovableActor.cpp
       Link:
         C:\Program Files (x86)\Microsoft Visual Studio 10.0\VC\bin\link.exe /ERRORREPORT:PROMPT /OUT:"C:\Users\Erik\Documents\progging\CPP\CrackTheSky\Release\CrackTheSky.exe" /NOLOGO "sfml-graphics.lib" "sfml-audio.lib" "sfml-window.lib" "sfml-system.lib" "sfml-network.lib" "sfml-main.lib" kernel32.lib user32.lib gdi32.lib winspool.lib comdlg32.lib advapi32.lib shell32.lib ole32.lib oleaut32.lib uuid.lib odbc32.lib odbccp32.lib /MANIFEST /ManifestFile:"Release\CrackTheSky.exe.intermediate.manifest" /MANIFESTUAC:"level='asInvoker' uiAccess='false'" /DEBUG /PDB:"C:\Users\Erik\Documents\progging\CPP\CrackTheSky\Release\CrackTheSky.pdb" /SUBSYSTEM:WINDOWS /OPT:REF /OPT:ICF /LTCG /TLBID:1 /DYNAMICBASE /NXCOMPAT /IMPLIB:"C:\Users\Erik\Documents\progging\CPP\CrackTheSky\Release\CrackTheSky.lib" /MACHINE:X86 Release\AbstractActor.obj
         Release\ActorManager.obj
         Release\pugixml.obj
         Release\main.obj
         Release\MovableActor.obj
         Release\Pose.obj
         Release\TextureLoader.obj
         Generating code
         Finished generating code
         CrackTheSky.vcxproj -> C:\Users\Erik\Documents\progging\CPP\CrackTheSky\Release\CrackTheSky.exe
       Manifest:
         C:\Program Files (x86)\Microsoft SDKs\Windows\v7.0A\bin\mt.exe /nologo /verbose /outputresource:"C:\Users\Erik\Documents\progging\CPP\CrackTheSky\Release\CrackTheSky.exe;#1" /manifest Release\CrackTheSky.exe.intermediate.manifest
       FinalizeBuildStatus:
         Deleting file "Release\CrackTheSky.unsuccessfulbuild".
         Touching "Release\CrackTheSky.lastbuildstate".
     1>Done Building Project "C:\Users\Erik\Documents\progging\CPP\CrackTheSky\CrackTheSky\CrackTheSky.vcxproj" (build target(s)).

Build succeeded.

Time Elapsed 00:00:02.90
